2014-01-27 23:35:03,466 INFO  src/FileReader.cpp:47 - Reading open file.
2014-01-27 23:35:03,466 DEBUG src/FileReader.cpp:49 - Reading # line.
2014-01-27 23:35:03,466 DEBUG src/FileReader.cpp:53 - Reading comment line.
2014-01-27 23:35:03,466 DEBUG src/FileReader.cpp:53 - Reading comment line.
2014-01-27 23:35:03,466 DEBUG src/FileReader.cpp:53 - Reading comment line.
2014-01-27 23:35:03,466 DEBUG src/FileReader.cpp:53 - Reading comment line.
2014-01-27 23:35:03,466 DEBUG src/FileReader.cpp:53 - Reading comment line.
2014-01-27 23:35:03,466 DEBUG src/FileReader.cpp:53 - Reading comment line.
2014-01-27 23:35:03,466 DEBUG src/FileReader.cpp:53 - Reading comment line.
2014-01-27 23:35:03,466 DEBUG src/FileReader.cpp:53 - Reading comment line.
2014-01-27 23:35:03,467 DEBUG src/FileReader.cpp:53 - Reading comment line.
2014-01-27 23:35:03,467 DEBUG src/FileReader.cpp:53 - Reading comment line.
2014-01-27 23:35:03,467 DEBUG src/FileReader.cpp:53 - Reading comment line.
2014-01-27 23:35:03,467 DEBUG src/FileReader.cpp:53 - Reading comment line.
2014-01-27 23:35:03,467 DEBUG src/FileReader.cpp:53 - Reading comment line.
2014-01-27 23:35:03,467 DEBUG src/FileReader.cpp:58 - Reading 4
2014-01-27 23:35:03,467 DEBUG src/FileReader.cpp:60 - Read line: 0.0 0.0 0.0      0.0 0.0 0.0     1.0.
2014-01-27 23:35:03,467 DEBUG src/FileReader.cpp:81 - Read line: 0.0 1.0 0.0     -1.0 0.0 0.0     3.0e-6.
2014-01-27 23:35:03,467 DEBUG src/FileReader.cpp:81 - Read line: 0.0 5.36 0.0    -0.425 0.0 0.0   9.55e-4.
2014-01-27 23:35:03,467 DEBUG src/FileReader.cpp:81 - Read line: 34.75 0.0 0.0    0.0 0.0296 0.0  1.0e-14.
2014-01-27 23:35:03,467 DEBUG src/FileReader.cpp:81 - Read line: .
2014-01-27 23:35:03,467 INFO  src/FileReader.cpp:47 - Reading open file.
2014-01-27 23:35:03,467 DEBUG src/FileReader.cpp:49 - Reading # line.
2014-01-27 23:35:03,467 DEBUG src/FileReader.cpp:53 - Reading comment line.
2014-01-27 23:35:03,467 DEBUG src/FileReader.cpp:53 - Reading comment line.
2014-01-27 23:35:03,467 DEBUG src/FileReader.cpp:53 - Reading comment line.
2014-01-27 23:35:03,467 DEBUG src/FileReader.cpp:53 - Reading comment line.
2014-01-27 23:35:03,467 DEBUG src/FileReader.cpp:53 - Reading comment line.
2014-01-27 23:35:03,467 DEBUG src/FileReader.cpp:53 - Reading comment line.
2014-01-27 23:35:03,467 DEBUG src/FileReader.cpp:53 - Reading comment line.
2014-01-27 23:35:03,467 DEBUG src/FileReader.cpp:53 - Reading comment line.
2014-01-27 23:35:03,467 DEBUG src/FileReader.cpp:53 - Reading comment line.
2014-01-27 23:35:03,467 DEBUG src/FileReader.cpp:53 - Reading comment line.
2014-01-27 23:35:03,467 DEBUG src/FileReader.cpp:53 - Reading comment line.
2014-01-27 23:35:03,467 DEBUG src/FileReader.cpp:53 - Reading comment line.
2014-01-27 23:35:03,467 DEBUG src/FileReader.cpp:53 - Reading comment line.
2014-01-27 23:35:03,467 DEBUG src/FileReader.cpp:58 - Reading 4
2014-01-27 23:35:03,467 DEBUG src/FileReader.cpp:60 - Read line: 0.0 0.0 0.0      0.0 0.0 0.0     1.0.
2014-01-27 23:35:03,467 DEBUG src/FileReader.cpp:81 - Read line: 0.0 1.0 0.0     -1.0 0.0 0.0     3.0e-6.
2014-01-27 23:35:03,467 DEBUG src/FileReader.cpp:81 - Read line: 0.0 5.36 0.0    -0.425 0.0 0.0   9.55e-4.
2014-01-27 23:35:03,467 DEBUG src/FileReader.cpp:81 - Read line: 34.75 0.0 0.0    0.0 0.0296 0.0  1.0e-14.
2014-01-27 23:35:03,467 DEBUG src/FileReader.cpp:81 - Read line: .
2014-01-27 23:35:03,467 INFO  src/FileReader.cpp:47 - Reading open file.
2014-01-27 23:35:03,467 DEBUG src/FileReader.cpp:49 - Reading # line.
2014-01-27 23:35:03,467 DEBUG src/FileReader.cpp:53 - Reading comment line.
2014-01-27 23:35:03,467 DEBUG src/FileReader.cpp:53 - Reading comment line.
2014-01-27 23:35:03,467 DEBUG src/FileReader.cpp:53 - Reading comment line.
2014-01-27 23:35:03,468 DEBUG src/FileReader.cpp:53 - Reading comment line.
2014-01-27 23:35:03,468 DEBUG src/FileReader.cpp:53 - Reading comment line.
2014-01-27 23:35:03,468 DEBUG src/FileReader.cpp:53 - Reading comment line.
2014-01-27 23:35:03,468 DEBUG src/FileReader.cpp:53 - Reading comment line.
2014-01-27 23:35:03,468 DEBUG src/FileReader.cpp:53 - Reading comment line.
2014-01-27 23:35:03,468 DEBUG src/FileReader.cpp:53 - Reading comment line.
2014-01-27 23:35:03,468 DEBUG src/FileReader.cpp:53 - Reading comment line.
2014-01-27 23:35:03,468 DEBUG src/FileReader.cpp:53 - Reading comment line.
2014-01-27 23:35:03,468 DEBUG src/FileReader.cpp:53 - Reading comment line.
2014-01-27 23:35:03,468 DEBUG src/FileReader.cpp:53 - Reading comment line.
2014-01-27 23:35:03,468 DEBUG src/FileReader.cpp:58 - Reading 4
2014-01-27 23:35:03,468 DEBUG src/FileReader.cpp:60 - Read line: 0.0 0.0 0.0      0.0 0.0 0.0     1.0.
2014-01-27 23:35:03,468 DEBUG src/FileReader.cpp:81 - Read line: 0.0 1.0 0.0     -1.0 0.0 0.0     3.0e-6.
2014-01-27 23:35:03,468 DEBUG src/FileReader.cpp:81 - Read line: 0.0 5.36 0.0    -0.425 0.0 0.0   9.55e-4.
2014-01-27 23:35:03,468 DEBUG src/FileReader.cpp:81 - Read line: 34.75 0.0 0.0    0.0 0.0296 0.0  1.0e-14.
2014-01-27 23:35:03,468 DEBUG src/FileReader.cpp:81 - Read line: .
2014-01-27 23:35:03,468 INFO  src/FileReader.cpp:47 - Reading open file.
2014-01-27 23:35:03,468 DEBUG src/FileReader.cpp:49 - Reading # line.
2014-01-27 23:35:03,468 DEBUG src/FileReader.cpp:53 - Reading comment line.
2014-01-27 23:35:03,468 DEBUG src/FileReader.cpp:53 - Reading comment line.
2014-01-27 23:35:03,468 DEBUG src/FileReader.cpp:53 - Reading comment line.
2014-01-27 23:35:03,468 DEBUG src/FileReader.cpp:53 - Reading comment line.
2014-01-27 23:35:03,468 DEBUG src/FileReader.cpp:53 - Reading comment line.
2014-01-27 23:35:03,468 DEBUG src/FileReader.cpp:53 - Reading comment line.
2014-01-27 23:35:03,468 DEBUG src/FileReader.cpp:53 - Reading comment line.
2014-01-27 23:35:03,468 DEBUG src/FileReader.cpp:53 - Reading comment line.
2014-01-27 23:35:03,468 DEBUG src/FileReader.cpp:53 - Reading comment line.
2014-01-27 23:35:03,468 DEBUG src/FileReader.cpp:53 - Reading comment line.
2014-01-27 23:35:03,468 DEBUG src/FileReader.cpp:53 - Reading comment line.
2014-01-27 23:35:03,468 DEBUG src/FileReader.cpp:53 - Reading comment line.
2014-01-27 23:35:03,468 DEBUG src/FileReader.cpp:53 - Reading comment line.
2014-01-27 23:35:03,468 DEBUG src/FileReader.cpp:58 - Reading 4
2014-01-27 23:35:03,468 DEBUG src/FileReader.cpp:60 - Read line: 0.0 0.0 0.0      0.0 0.0 0.0     1.0.
2014-01-27 23:35:03,468 DEBUG src/FileReader.cpp:81 - Read line: 0.0 1.0 0.0     -1.0 0.0 0.0     3.0e-6.
2014-01-27 23:35:03,468 DEBUG src/FileReader.cpp:81 - Read line: 0.0 5.36 0.0    -0.425 0.0 0.0   9.55e-4.
2014-01-27 23:35:03,468 DEBUG src/FileReader.cpp:81 - Read line: 34.75 0.0 0.0    0.0 0.0296 0.0  1.0e-14.
2014-01-27 23:35:03,468 DEBUG src/FileReader.cpp:81 - Read line: .
2014-01-27 23:35:03,468 INFO  src/FileReader.cpp:47 - Reading open file.
2014-01-27 23:35:03,468 DEBUG src/FileReader.cpp:49 - Reading # line.
2014-01-27 23:35:03,468 DEBUG src/FileReader.cpp:53 - Reading comment line.
2014-01-27 23:35:03,469 DEBUG src/FileReader.cpp:53 - Reading comment line.
2014-01-27 23:35:03,469 DEBUG src/FileReader.cpp:53 - Reading comment line.
2014-01-27 23:35:03,469 DEBUG src/FileReader.cpp:53 - Reading comment line.
2014-01-27 23:35:03,469 DEBUG src/FileReader.cpp:53 - Reading comment line.
2014-01-27 23:35:03,469 DEBUG src/FileReader.cpp:53 - Reading comment line.
2014-01-27 23:35:03,469 DEBUG src/FileReader.cpp:53 - Reading comment line.
2014-01-27 23:35:03,469 DEBUG src/FileReader.cpp:53 - Reading comment line.
2014-01-27 23:35:03,469 DEBUG src/FileReader.cpp:53 - Reading comment line.
2014-01-27 23:35:03,469 DEBUG src/FileReader.cpp:53 - Reading comment line.
2014-01-27 23:35:03,469 DEBUG src/FileReader.cpp:53 - Reading comment line.
2014-01-27 23:35:03,469 DEBUG src/FileReader.cpp:53 - Reading comment line.
2014-01-27 23:35:03,469 DEBUG src/FileReader.cpp:53 - Reading comment line.
2014-01-27 23:35:03,469 DEBUG src/FileReader.cpp:58 - Reading 4
2014-01-27 23:35:03,469 DEBUG src/FileReader.cpp:60 - Read line: 0.0 0.0 0.0      0.0 0.0 0.0     1.0.
2014-01-27 23:35:03,469 DEBUG src/FileReader.cpp:81 - Read line: 0.0 1.0 0.0     -1.0 0.0 0.0     3.0e-6.
2014-01-27 23:35:03,469 DEBUG src/FileReader.cpp:81 - Read line: 0.0 5.36 0.0    -0.425 0.0 0.0   9.55e-4.
2014-01-27 23:35:03,469 DEBUG src/FileReader.cpp:81 - Read line: 34.75 0.0 0.0    0.0 0.0296 0.0  1.0e-14.
2014-01-27 23:35:03,469 DEBUG src/FileReader.cpp:81 - Read line: .
2014-01-27 23:35:03,469 INFO  src/FileReader.cpp:47 - Reading open file.
2014-01-27 23:35:03,469 DEBUG src/FileReader.cpp:49 - Reading # line.
2014-01-27 23:35:03,469 DEBUG src/FileReader.cpp:53 - Reading comment line.
2014-01-27 23:35:03,469 DEBUG src/FileReader.cpp:53 - Reading comment line.
2014-01-27 23:35:03,469 DEBUG src/FileReader.cpp:53 - Reading comment line.
2014-01-27 23:35:03,469 DEBUG src/FileReader.cpp:53 - Reading comment line.
2014-01-27 23:35:03,469 DEBUG src/FileReader.cpp:53 - Reading comment line.
2014-01-27 23:35:03,469 DEBUG src/FileReader.cpp:53 - Reading comment line.
2014-01-27 23:35:03,469 DEBUG src/FileReader.cpp:53 - Reading comment line.
2014-01-27 23:35:03,469 DEBUG src/FileReader.cpp:53 - Reading comment line.
2014-01-27 23:35:03,469 DEBUG src/FileReader.cpp:53 - Reading comment line.
2014-01-27 23:35:03,469 DEBUG src/FileReader.cpp:53 - Reading comment line.
2014-01-27 23:35:03,469 DEBUG src/FileReader.cpp:53 - Reading comment line.
2014-01-27 23:35:03,469 DEBUG src/FileReader.cpp:53 - Reading comment line.
2014-01-27 23:35:03,469 DEBUG src/FileReader.cpp:53 - Reading comment line.
2014-01-27 23:35:03,469 DEBUG src/FileReader.cpp:58 - Reading 4
2014-01-27 23:35:03,469 DEBUG src/FileReader.cpp:60 - Read line: 0.0 0.0 0.0      0.0 0.0 0.0     1.0.
2014-01-27 23:35:03,469 DEBUG src/FileReader.cpp:81 - Read line: 0.0 1.0 0.0     -1.0 0.0 0.0     3.0e-6.
2014-01-27 23:35:03,469 DEBUG src/FileReader.cpp:81 - Read line: 0.0 5.36 0.0    -0.425 0.0 0.0   9.55e-4.
2014-01-27 23:35:03,469 DEBUG src/FileReader.cpp:81 - Read line: 34.75 0.0 0.0    0.0 0.0296 0.0  1.0e-14.
2014-01-27 23:35:03,469 DEBUG src/FileReader.cpp:81 - Read line: .
2014-01-27 23:35:03,469 INFO  src/FileReader.cpp:47 - Reading open file.
2014-01-27 23:35:03,469 DEBUG src/FileReader.cpp:49 - Reading # line.
2014-01-27 23:35:03,469 DEBUG src/FileReader.cpp:53 - Reading comment line.
2014-01-27 23:35:03,469 DEBUG src/FileReader.cpp:53 - Reading comment line.
2014-01-27 23:35:03,469 DEBUG src/FileReader.cpp:53 - Reading comment line.
2014-01-27 23:35:03,470 DEBUG src/FileReader.cpp:53 - Reading comment line.
2014-01-27 23:35:03,470 DEBUG src/FileReader.cpp:53 - Reading comment line.
2014-01-27 23:35:03,470 DEBUG src/FileReader.cpp:53 - Reading comment line.
2014-01-27 23:35:03,470 DEBUG src/FileReader.cpp:53 - Reading comment line.
2014-01-27 23:35:03,470 DEBUG src/FileReader.cpp:53 - Reading comment line.
2014-01-27 23:35:03,470 DEBUG src/FileReader.cpp:53 - Reading comment line.
2014-01-27 23:35:03,470 DEBUG src/FileReader.cpp:53 - Reading comment line.
2014-01-27 23:35:03,470 DEBUG src/FileReader.cpp:53 - Reading comment line.
2014-01-27 23:35:03,470 DEBUG src/FileReader.cpp:53 - Reading comment line.
2014-01-27 23:35:03,470 DEBUG src/FileReader.cpp:53 - Reading comment line.
2014-01-27 23:35:03,470 DEBUG src/FileReader.cpp:58 - Reading 4
2014-01-27 23:35:03,470 DEBUG src/FileReader.cpp:60 - Read line: 0.0 0.0 0.0      0.0 0.0 0.0     1.0.
2014-01-27 23:35:03,470 DEBUG src/FileReader.cpp:81 - Read line: 0.0 1.0 0.0     -1.0 0.0 0.0     3.0e-6.
2014-01-27 23:35:03,470 DEBUG src/FileReader.cpp:81 - Read line: 0.0 5.36 0.0    -0.425 0.0 0.0   9.55e-4.
2014-01-27 23:35:03,470 DEBUG src/FileReader.cpp:81 - Read line: 34.75 0.0 0.0    0.0 0.0296 0.0  1.0e-14.
2014-01-27 23:35:03,470 DEBUG src/FileReader.cpp:81 - Read line: .
2014-01-27 23:35:03,470 INFO  src/FileReader.cpp:47 - Reading open file.
2014-01-27 23:35:03,470 DEBUG src/FileReader.cpp:49 - Reading # line.
2014-01-27 23:35:03,470 DEBUG src/FileReader.cpp:53 - Reading comment line.
2014-01-27 23:35:03,470 DEBUG src/FileReader.cpp:53 - Reading comment line.
2014-01-27 23:35:03,470 DEBUG src/FileReader.cpp:53 - Reading comment line.
2014-01-27 23:35:03,470 DEBUG src/FileReader.cpp:53 - Reading comment line.
2014-01-27 23:35:03,470 DEBUG src/FileReader.cpp:53 - Reading comment line.
2014-01-27 23:35:03,470 DEBUG src/FileReader.cpp:53 - Reading comment line.
2014-01-27 23:35:03,470 DEBUG src/FileReader.cpp:53 - Reading comment line.
2014-01-27 23:35:03,470 DEBUG src/FileReader.cpp:53 - Reading comment line.
2014-01-27 23:35:03,470 DEBUG src/FileReader.cpp:53 - Reading comment line.
2014-01-27 23:35:03,470 DEBUG src/FileReader.cpp:53 - Reading comment line.
2014-01-27 23:35:03,470 DEBUG src/FileReader.cpp:53 - Reading comment line.
2014-01-27 23:35:03,470 DEBUG src/FileReader.cpp:53 - Reading comment line.
2014-01-27 23:35:03,470 DEBUG src/FileReader.cpp:53 - Reading comment line.
2014-01-27 23:35:03,470 DEBUG src/FileReader.cpp:58 - Reading 4
2014-01-27 23:35:03,470 DEBUG src/FileReader.cpp:60 - Read line: 0.0 0.0 0.0      0.0 0.0 0.0     1.0.
2014-01-27 23:35:03,470 DEBUG src/FileReader.cpp:81 - Read line: 0.0 1.0 0.0     -1.0 0.0 0.0     3.0e-6.
2014-01-27 23:35:03,470 DEBUG src/FileReader.cpp:81 - Read line: 0.0 5.36 0.0    -0.425 0.0 0.0   9.55e-4.
2014-01-27 23:35:03,470 DEBUG src/FileReader.cpp:81 - Read line: 34.75 0.0 0.0    0.0 0.0296 0.0  1.0e-14.
2014-01-27 23:35:03,470 DEBUG src/FileReader.cpp:81 - Read line: .
2014-01-27 23:35:03,470 INFO  src/FileReader.cpp:47 - Reading open file.
2014-01-27 23:35:03,470 DEBUG src/FileReader.cpp:49 - Reading # line.
2014-01-27 23:35:03,470 DEBUG src/FileReader.cpp:53 - Reading comment line.
2014-01-27 23:35:03,470 DEBUG src/FileReader.cpp:53 - Reading comment line.
2014-01-27 23:35:03,470 DEBUG src/FileReader.cpp:53 - Reading comment line.
2014-01-27 23:35:03,470 DEBUG src/FileReader.cpp:53 - Reading comment line.
2014-01-27 23:35:03,470 DEBUG src/FileReader.cpp:53 - Reading comment line.
2014-01-27 23:35:03,470 DEBUG src/FileReader.cpp:53 - Reading comment line.
2014-01-27 23:35:03,471 DEBUG src/FileReader.cpp:53 - Reading comment line.
2014-01-27 23:35:03,471 DEBUG src/FileReader.cpp:53 - Reading comment line.
2014-01-27 23:35:03,471 DEBUG src/FileReader.cpp:53 - Reading comment line.
2014-01-27 23:35:03,471 DEBUG src/FileReader.cpp:53 - Reading comment line.
2014-01-27 23:35:03,471 DEBUG src/FileReader.cpp:53 - Reading comment line.
2014-01-27 23:35:03,471 DEBUG src/FileReader.cpp:53 - Reading comment line.
2014-01-27 23:35:03,471 DEBUG src/FileReader.cpp:53 - Reading comment line.
2014-01-27 23:35:03,471 DEBUG src/FileReader.cpp:58 - Reading 4
2014-01-27 23:35:03,471 DEBUG src/FileReader.cpp:60 - Read line: 0.0 0.0 0.0      0.0 0.0 0.0     1.0.
2014-01-27 23:35:03,471 DEBUG src/FileReader.cpp:81 - Read line: 0.0 1.0 0.0     -1.0 0.0 0.0     3.0e-6.
2014-01-27 23:35:03,471 DEBUG src/FileReader.cpp:81 - Read line: 0.0 5.36 0.0    -0.425 0.0 0.0   9.55e-4.
2014-01-27 23:35:03,471 DEBUG src/FileReader.cpp:81 - Read line: 34.75 0.0 0.0    0.0 0.0296 0.0  1.0e-14.
2014-01-27 23:35:03,471 DEBUG src/FileReader.cpp:81 - Read line: .
2014-01-27 23:35:03,471 INFO  src/FileReader.cpp:110 - Reading open file.
2014-01-27 23:35:03,471 DEBUG src/FileReader.cpp:112 - Reading # line.
2014-01-27 23:35:03,471 DEBUG src/FileReader.cpp:116 - Reading comment line.
2014-01-27 23:35:03,471 DEBUG src/FileReader.cpp:116 - Reading comment line.
2014-01-27 23:35:03,471 DEBUG src/FileReader.cpp:116 - Reading comment line.
2014-01-27 23:35:03,471 DEBUG src/FileReader.cpp:116 - Reading comment line.
2014-01-27 23:35:03,471 DEBUG src/FileReader.cpp:116 - Reading comment line.
2014-01-27 23:35:03,471 DEBUG src/FileReader.cpp:116 - Reading comment line.
2014-01-27 23:35:03,471 DEBUG src/FileReader.cpp:116 - Reading comment line.
2014-01-27 23:35:03,471 DEBUG src/FileReader.cpp:116 - Reading comment line.
2014-01-27 23:35:03,471 DEBUG src/FileReader.cpp:121 - Reading 2.
2014-01-27 23:35:03,471 DEBUG src/FileReader.cpp:123 - Read line: 0.0 0.0 0.0         0.0 0.0 0.0         8       40      1       1.1225          1       0.1
2014-01-27 23:35:03,472 DEBUG src/FileReader.cpp:153 - Read line: 15.0 15.0 0.0       0.0 -10.0 0.0       8       8       1       1.1225          1       0.1 
2014-01-27 23:35:03,472 DEBUG src/FileReader.cpp:153 - Read line: 
2014-01-27 23:35:03,498 INFO  src/FileReader.cpp:110 - Reading open file.
2014-01-27 23:35:03,498 DEBUG src/FileReader.cpp:112 - Reading # line.
2014-01-27 23:35:03,498 DEBUG src/FileReader.cpp:116 - Reading comment line.
2014-01-27 23:35:03,498 DEBUG src/FileReader.cpp:116 - Reading comment line.
2014-01-27 23:35:03,498 DEBUG src/FileReader.cpp:116 - Reading comment line.
2014-01-27 23:35:03,498 DEBUG src/FileReader.cpp:116 - Reading comment line.
2014-01-27 23:35:03,498 DEBUG src/FileReader.cpp:116 - Reading comment line.
2014-01-27 23:35:03,498 DEBUG src/FileReader.cpp:116 - Reading comment line.
2014-01-27 23:35:03,498 DEBUG src/FileReader.cpp:116 - Reading comment line.
2014-01-27 23:35:03,498 DEBUG src/FileReader.cpp:116 - Reading comment line.
2014-01-27 23:35:03,498 DEBUG src/FileReader.cpp:121 - Reading 2.
2014-01-27 23:35:03,498 DEBUG src/FileReader.cpp:123 - Read line: 20.0 20.0 0.0         0.0 0.0 0.0         20       100      1       1.1225          1       0.1
2014-01-27 23:35:03,499 DEBUG src/FileReader.cpp:153 - Read line: 70.0 60.0 0.0       0.0 -10.0 0.0       20       20       1       1.1225          1       0.1 
2014-01-27 23:35:03,500 DEBUG src/FileReader.cpp:153 - Read line: 
2014-01-27 23:35:03,737 INFO  src/FileReader.cpp:110 - Reading open file.
2014-01-27 23:35:03,737 DEBUG src/FileReader.cpp:112 - Reading # line.
2014-01-27 23:35:03,737 DEBUG src/FileReader.cpp:116 - Reading comment line.
2014-01-27 23:35:03,737 DEBUG src/FileReader.cpp:116 - Reading comment line.
2014-01-27 23:35:03,737 DEBUG src/FileReader.cpp:116 - Reading comment line.
2014-01-27 23:35:03,737 DEBUG src/FileReader.cpp:116 - Reading comment line.
2014-01-27 23:35:03,737 DEBUG src/FileReader.cpp:116 - Reading comment line.
2014-01-27 23:35:03,737 DEBUG src/FileReader.cpp:116 - Reading comment line.
2014-01-27 23:35:03,737 DEBUG src/FileReader.cpp:116 - Reading comment line.
2014-01-27 23:35:03,737 DEBUG src/FileReader.cpp:116 - Reading comment line.
2014-01-27 23:35:03,737 DEBUG src/FileReader.cpp:121 - Reading 2.
2014-01-27 23:35:03,737 DEBUG src/FileReader.cpp:123 - Read line: 20.0 20.0 0.0         0.0 0.0 0.0         20       100      1       1.1225          1       0.1
2014-01-27 23:35:03,738 DEBUG src/FileReader.cpp:153 - Read line: 70.0 60.0 0.0       0.0 -10.0 0.0       20       20       1       1.1225          1       0.1 
2014-01-27 23:35:03,739 DEBUG src/FileReader.cpp:153 - Read line: 
2014-01-27 23:35:03,741 INFO  src/FileReader.cpp:110 - Reading open file.
2014-01-27 23:35:03,741 DEBUG src/FileReader.cpp:112 - Reading # line.
2014-01-27 23:35:03,741 DEBUG src/FileReader.cpp:116 - Reading comment line.
2014-01-27 23:35:03,741 DEBUG src/FileReader.cpp:116 - Reading comment line.
2014-01-27 23:35:03,741 DEBUG src/FileReader.cpp:116 - Reading comment line.
2014-01-27 23:35:03,741 DEBUG src/FileReader.cpp:116 - Reading comment line.
2014-01-27 23:35:03,741 DEBUG src/FileReader.cpp:116 - Reading comment line.
2014-01-27 23:35:03,741 DEBUG src/FileReader.cpp:116 - Reading comment line.
2014-01-27 23:35:03,741 DEBUG src/FileReader.cpp:116 - Reading comment line.
2014-01-27 23:35:03,742 DEBUG src/FileReader.cpp:116 - Reading comment line.
2014-01-27 23:35:03,742 DEBUG src/FileReader.cpp:121 - Reading 2.
2014-01-27 23:35:03,742 DEBUG src/FileReader.cpp:123 - Read line: 20.0 20.0 0.0         0.0 0.0 0.0         20       100      1       1.1225          1       0.1
2014-01-27 23:35:03,742 DEBUG src/FileReader.cpp:153 - Read line: 70.0 60.0 0.0       0.0 -10.0 0.0       20       20       1       1.1225          1       0.1 
2014-01-27 23:35:03,743 DEBUG src/FileReader.cpp:153 - Read line: 
2014-01-27 23:35:03,745 INFO  src/FileReader.cpp:110 - Reading open file.
2014-01-27 23:35:03,745 DEBUG src/FileReader.cpp:112 - Reading # line.
2014-01-27 23:35:03,745 DEBUG src/FileReader.cpp:116 - Reading comment line.
2014-01-27 23:35:03,745 DEBUG src/FileReader.cpp:116 - Reading comment line.
2014-01-27 23:35:03,745 DEBUG src/FileReader.cpp:116 - Reading comment line.
2014-01-27 23:35:03,745 DEBUG src/FileReader.cpp:116 - Reading comment line.
2014-01-27 23:35:03,745 DEBUG src/FileReader.cpp:116 - Reading comment line.
2014-01-27 23:35:03,745 DEBUG src/FileReader.cpp:116 - Reading comment line.
2014-01-27 23:35:03,745 DEBUG src/FileReader.cpp:116 - Reading comment line.
2014-01-27 23:35:03,745 DEBUG src/FileReader.cpp:116 - Reading comment line.
2014-01-27 23:35:03,745 DEBUG src/FileReader.cpp:121 - Reading 2.
2014-01-27 23:35:03,745 DEBUG src/FileReader.cpp:123 - Read line: 20.0 20.0 0.0         0.0 0.0 0.0         20       100      1       1.1225          1       0.1
2014-01-27 23:35:03,746 DEBUG src/FileReader.cpp:153 - Read line: 70.0 60.0 0.0       0.0 -10.0 0.0       20       20       1       1.1225          1       0.1 
2014-01-27 23:35:03,746 DEBUG src/FileReader.cpp:153 - Read line: 
2014-01-27 23:35:03,749 INFO  src/FileReader.cpp:110 - Reading open file.
2014-01-27 23:35:03,749 DEBUG src/FileReader.cpp:112 - Reading # line.
2014-01-27 23:35:03,749 DEBUG src/FileReader.cpp:116 - Reading comment line.
2014-01-27 23:35:03,749 DEBUG src/FileReader.cpp:116 - Reading comment line.
2014-01-27 23:35:03,749 DEBUG src/FileReader.cpp:116 - Reading comment line.
2014-01-27 23:35:03,749 DEBUG src/FileReader.cpp:116 - Reading comment line.
2014-01-27 23:35:03,749 DEBUG src/FileReader.cpp:116 - Reading comment line.
2014-01-27 23:35:03,749 DEBUG src/FileReader.cpp:116 - Reading comment line.
2014-01-27 23:35:03,749 DEBUG src/FileReader.cpp:116 - Reading comment line.
2014-01-27 23:35:03,749 DEBUG src/FileReader.cpp:116 - Reading comment line.
2014-01-27 23:35:03,749 DEBUG src/FileReader.cpp:121 - Reading 2.
2014-01-27 23:35:03,749 DEBUG src/FileReader.cpp:123 - Read line: 20.0 20.0 0.0         0.0 0.0 0.0         20       100      1       1.1225          1       0.1
2014-01-27 23:35:03,750 DEBUG src/FileReader.cpp:153 - Read line: 70.0 60.0 0.0       0.0 -10.0 0.0       20       20       1       1.1225          1       0.1 
2014-01-27 23:35:03,750 DEBUG src/FileReader.cpp:153 - Read line: 
2014-01-27 23:35:03,753 INFO  src/FileReader.cpp:110 - Reading open file.
2014-01-27 23:35:03,753 DEBUG src/FileReader.cpp:112 - Reading # line.
2014-01-27 23:35:03,753 DEBUG src/FileReader.cpp:116 - Reading comment line.
2014-01-27 23:35:03,753 DEBUG src/FileReader.cpp:116 - Reading comment line.
2014-01-27 23:35:03,753 DEBUG src/FileReader.cpp:116 - Reading comment line.
2014-01-27 23:35:03,753 DEBUG src/FileReader.cpp:116 - Reading comment line.
2014-01-27 23:35:03,753 DEBUG src/FileReader.cpp:116 - Reading comment line.
2014-01-27 23:35:03,753 DEBUG src/FileReader.cpp:116 - Reading comment line.
2014-01-27 23:35:03,753 DEBUG src/FileReader.cpp:116 - Reading comment line.
2014-01-27 23:35:03,753 DEBUG src/FileReader.cpp:116 - Reading comment line.
2014-01-27 23:35:03,753 DEBUG src/FileReader.cpp:121 - Reading 2.
2014-01-27 23:35:03,753 DEBUG src/FileReader.cpp:123 - Read line: 20.0 20.0 0.0         0.0 0.0 0.0         20       100      1       1.1225          1       0.1
2014-01-27 23:35:03,754 DEBUG src/FileReader.cpp:153 - Read line: 70.0 60.0 0.0       0.0 -10.0 0.0       20       20       1       1.1225          1       0.1 
2014-01-27 23:35:03,754 DEBUG src/FileReader.cpp:153 - Read line: 
2014-01-27 23:35:03,758 INFO  src/FileReader.cpp:110 - Reading open file.
2014-01-27 23:35:03,758 DEBUG src/FileReader.cpp:112 - Reading # line.
2014-01-27 23:35:03,758 DEBUG src/FileReader.cpp:116 - Reading comment line.
2014-01-27 23:35:03,758 DEBUG src/FileReader.cpp:116 - Reading comment line.
2014-01-27 23:35:03,758 DEBUG src/FileReader.cpp:116 - Reading comment line.
2014-01-27 23:35:03,758 DEBUG src/FileReader.cpp:116 - Reading comment line.
2014-01-27 23:35:03,758 DEBUG src/FileReader.cpp:116 - Reading comment line.
2014-01-27 23:35:03,758 DEBUG src/FileReader.cpp:116 - Reading comment line.
2014-01-27 23:35:03,758 DEBUG src/FileReader.cpp:116 - Reading comment line.
2014-01-27 23:35:03,758 DEBUG src/FileReader.cpp:116 - Reading comment line.
2014-01-27 23:35:03,758 DEBUG src/FileReader.cpp:121 - Reading 2.
2014-01-27 23:35:03,758 DEBUG src/FileReader.cpp:123 - Read line: 20.0 20.0 0.0         0.0 0.0 0.0         20       100      1       1.1225          1       0.1
2014-01-27 23:35:03,759 DEBUG src/FileReader.cpp:153 - Read line: 70.0 60.0 0.0       0.0 -10.0 0.0       20       20       1       1.1225          1       0.1 
2014-01-27 23:35:03,760 DEBUG src/FileReader.cpp:153 - Read line: 
2014-01-27 23:35:04,415 INFO  src/FileReader.cpp:110 - Reading open file.
2014-01-27 23:35:04,415 DEBUG src/FileReader.cpp:112 - Reading # line.
2014-01-27 23:35:04,415 DEBUG src/FileReader.cpp:116 - Reading comment line.
2014-01-27 23:35:04,415 DEBUG src/FileReader.cpp:116 - Reading comment line.
2014-01-27 23:35:04,415 DEBUG src/FileReader.cpp:116 - Reading comment line.
2014-01-27 23:35:04,415 DEBUG src/FileReader.cpp:116 - Reading comment line.
2014-01-27 23:35:04,415 DEBUG src/FileReader.cpp:116 - Reading comment line.
2014-01-27 23:35:04,415 DEBUG src/FileReader.cpp:116 - Reading comment line.
2014-01-27 23:35:04,415 DEBUG src/FileReader.cpp:116 - Reading comment line.
2014-01-27 23:35:04,415 DEBUG src/FileReader.cpp:116 - Reading comment line.
2014-01-27 23:35:04,415 DEBUG src/FileReader.cpp:121 - Reading 1.
2014-01-27 23:35:04,415 DEBUG src/FileReader.cpp:123 - Read line: 2.5 2.5 0.0         0.0 0.0 0.0         20       47      1       1.1225          1       0.1
2014-01-27 23:35:04,415 DEBUG src/FileReader.cpp:153 - Read line: 
2014-01-27 23:35:04,416 INFO  src/FileReader.cpp:110 - Reading open file.
2014-01-27 23:35:04,416 DEBUG src/FileReader.cpp:112 - Reading # line.
2014-01-27 23:35:04,416 DEBUG src/FileReader.cpp:116 - Reading comment line.
2014-01-27 23:35:04,416 DEBUG src/FileReader.cpp:116 - Reading comment line.
2014-01-27 23:35:04,416 DEBUG src/FileReader.cpp:116 - Reading comment line.
2014-01-27 23:35:04,416 DEBUG src/FileReader.cpp:116 - Reading comment line.
2014-01-27 23:35:04,416 DEBUG src/FileReader.cpp:116 - Reading comment line.
2014-01-27 23:35:04,416 DEBUG src/FileReader.cpp:116 - Reading comment line.
2014-01-27 23:35:04,416 DEBUG src/FileReader.cpp:116 - Reading comment line.
2014-01-27 23:35:04,416 DEBUG src/FileReader.cpp:116 - Reading comment line.
2014-01-27 23:35:04,416 DEBUG src/FileReader.cpp:121 - Reading 1.
2014-01-27 23:35:04,416 DEBUG src/FileReader.cpp:123 - Read line: 2.5 2.5 0.0         0.0 0.0 0.0         20       47      1       1.1225          1       0.1
2014-01-27 23:35:04,417 DEBUG src/FileReader.cpp:153 - Read line: 
2014-01-27 23:35:04,417 INFO  src/FileReader.cpp:110 - Reading open file.
2014-01-27 23:35:04,418 DEBUG src/FileReader.cpp:112 - Reading # line.
2014-01-27 23:35:04,418 DEBUG src/FileReader.cpp:116 - Reading comment line.
2014-01-27 23:35:04,418 DEBUG src/FileReader.cpp:116 - Reading comment line.
2014-01-27 23:35:04,418 DEBUG src/FileReader.cpp:116 - Reading comment line.
2014-01-27 23:35:04,418 DEBUG src/FileReader.cpp:116 - Reading comment line.
2014-01-27 23:35:04,418 DEBUG src/FileReader.cpp:116 - Reading comment line.
2014-01-27 23:35:04,418 DEBUG src/FileReader.cpp:116 - Reading comment line.
2014-01-27 23:35:04,418 DEBUG src/FileReader.cpp:116 - Reading comment line.
2014-01-27 23:35:04,418 DEBUG src/FileReader.cpp:116 - Reading comment line.
2014-01-27 23:35:04,418 DEBUG src/FileReader.cpp:121 - Reading 1.
2014-01-27 23:35:04,418 DEBUG src/FileReader.cpp:123 - Read line: 2.5 2.5 0.0         0.0 0.0 0.0         20       47      1       1.1225          1       0.1
2014-01-27 23:35:04,418 DEBUG src/FileReader.cpp:153 - Read line: 
2014-01-27 23:35:04,419 INFO  src/FileReader.cpp:110 - Reading open file.
2014-01-27 23:35:04,419 DEBUG src/FileReader.cpp:112 - Reading # line.
2014-01-27 23:35:04,419 DEBUG src/FileReader.cpp:116 - Reading comment line.
2014-01-27 23:35:04,419 DEBUG src/FileReader.cpp:116 - Reading comment line.
2014-01-27 23:35:04,419 DEBUG src/FileReader.cpp:116 - Reading comment line.
2014-01-27 23:35:04,419 DEBUG src/FileReader.cpp:116 - Reading comment line.
2014-01-27 23:35:04,419 DEBUG src/FileReader.cpp:116 - Reading comment line.
2014-01-27 23:35:04,419 DEBUG src/FileReader.cpp:116 - Reading comment line.
2014-01-27 23:35:04,419 DEBUG src/FileReader.cpp:116 - Reading comment line.
2014-01-27 23:35:04,419 DEBUG src/FileReader.cpp:116 - Reading comment line.
2014-01-27 23:35:04,419 DEBUG src/FileReader.cpp:121 - Reading 1.
2014-01-27 23:35:04,419 DEBUG src/FileReader.cpp:123 - Read line: 2.5 2.5 0.0         0.0 0.0 0.0         20       47      1       1.1225          1       0.1
2014-01-27 23:35:04,419 DEBUG src/FileReader.cpp:153 - Read line: 
2014-01-27 23:35:04,421 INFO  src/FileReader.cpp:110 - Reading open file.
2014-01-27 23:35:04,421 DEBUG src/FileReader.cpp:112 - Reading # line.
2014-01-27 23:35:04,421 DEBUG src/FileReader.cpp:116 - Reading comment line.
2014-01-27 23:35:04,421 DEBUG src/FileReader.cpp:116 - Reading comment line.
2014-01-27 23:35:04,421 DEBUG src/FileReader.cpp:116 - Reading comment line.
2014-01-27 23:35:04,421 DEBUG src/FileReader.cpp:116 - Reading comment line.
2014-01-27 23:35:04,421 DEBUG src/FileReader.cpp:116 - Reading comment line.
2014-01-27 23:35:04,421 DEBUG src/FileReader.cpp:116 - Reading comment line.
2014-01-27 23:35:04,421 DEBUG src/FileReader.cpp:116 - Reading comment line.
2014-01-27 23:35:04,421 DEBUG src/FileReader.cpp:116 - Reading comment line.
2014-01-27 23:35:04,421 DEBUG src/FileReader.cpp:121 - Reading 1.
2014-01-27 23:35:04,421 DEBUG src/FileReader.cpp:123 - Read line: 2.5 2.5 0.0         0.0 0.0 0.0         20       47      1       1.1225          1       0.1
2014-01-27 23:35:04,422 DEBUG src/FileReader.cpp:153 - Read line: 
2014-01-27 23:35:04,422 INFO  src/FileReader.cpp:110 - Reading open file.
2014-01-27 23:35:04,422 DEBUG src/FileReader.cpp:112 - Reading # line.
2014-01-27 23:35:04,422 DEBUG src/FileReader.cpp:116 - Reading comment line.
2014-01-27 23:35:04,422 DEBUG src/FileReader.cpp:116 - Reading comment line.
2014-01-27 23:35:04,422 DEBUG src/FileReader.cpp:116 - Reading comment line.
2014-01-27 23:35:04,422 DEBUG src/FileReader.cpp:116 - Reading comment line.
2014-01-27 23:35:04,422 DEBUG src/FileReader.cpp:116 - Reading comment line.
2014-01-27 23:35:04,422 DEBUG src/FileReader.cpp:116 - Reading comment line.
2014-01-27 23:35:04,422 DEBUG src/FileReader.cpp:116 - Reading comment line.
2014-01-27 23:35:04,422 DEBUG src/FileReader.cpp:116 - Reading comment line.
2014-01-27 23:35:04,422 DEBUG src/FileReader.cpp:121 - Reading 1.
2014-01-27 23:35:04,422 DEBUG src/FileReader.cpp:123 - Read line: 2.5 2.5 0.0         0.0 0.0 0.0         20       47      1       1.1225          1       0.1
2014-01-27 23:35:04,423 DEBUG src/FileReader.cpp:153 - Read line: 
2014-01-27 23:35:04,424 INFO  src/FileReader.cpp:110 - Reading open file.
2014-01-27 23:35:04,424 DEBUG src/FileReader.cpp:112 - Reading # line.
2014-01-27 23:35:04,424 DEBUG src/FileReader.cpp:116 - Reading comment line.
2014-01-27 23:35:04,424 DEBUG src/FileReader.cpp:116 - Reading comment line.
2014-01-27 23:35:04,424 DEBUG src/FileReader.cpp:116 - Reading comment line.
2014-01-27 23:35:04,424 DEBUG src/FileReader.cpp:116 - Reading comment line.
2014-01-27 23:35:04,424 DEBUG src/FileReader.cpp:116 - Reading comment line.
2014-01-27 23:35:04,424 DEBUG src/FileReader.cpp:116 - Reading comment line.
2014-01-27 23:35:04,424 DEBUG src/FileReader.cpp:116 - Reading comment line.
2014-01-27 23:35:04,424 DEBUG src/FileReader.cpp:116 - Reading comment line.
2014-01-27 23:35:04,424 DEBUG src/FileReader.cpp:121 - Reading 1.
2014-01-27 23:35:04,424 DEBUG src/FileReader.cpp:123 - Read line: 2.5 2.5 0.0         0.0 0.0 0.0         20       47      1       1.1225          1       0.1
2014-01-27 23:35:04,424 DEBUG src/FileReader.cpp:153 - Read line: 
2014-01-27 23:35:04,425 INFO  src/FileReader.cpp:110 - Reading open file.
2014-01-27 23:35:04,425 DEBUG src/FileReader.cpp:112 - Reading # line.
2014-01-27 23:35:04,425 DEBUG src/FileReader.cpp:116 - Reading comment line.
2014-01-27 23:35:04,425 DEBUG src/FileReader.cpp:116 - Reading comment line.
2014-01-27 23:35:04,425 DEBUG src/FileReader.cpp:116 - Reading comment line.
2014-01-27 23:35:04,425 DEBUG src/FileReader.cpp:116 - Reading comment line.
2014-01-27 23:35:04,425 DEBUG src/FileReader.cpp:116 - Reading comment line.
2014-01-27 23:35:04,425 DEBUG src/FileReader.cpp:116 - Reading comment line.
2014-01-27 23:35:04,425 DEBUG src/FileReader.cpp:116 - Reading comment line.
2014-01-27 23:35:04,425 DEBUG src/FileReader.cpp:116 - Reading comment line.
2014-01-27 23:35:04,425 DEBUG src/FileReader.cpp:121 - Reading 1.
2014-01-27 23:35:04,425 DEBUG src/FileReader.cpp:123 - Read line: 2.5 2.5 0.0         0.0 0.0 0.0         20       47      1       1.1225          1       0.1
2014-01-27 23:35:04,426 DEBUG src/FileReader.cpp:153 - Read line: 
2014-01-27 23:35:04,427 INFO  src/FileReader.cpp:110 - Reading open file.
2014-01-27 23:35:04,427 DEBUG src/FileReader.cpp:112 - Reading # line.
2014-01-27 23:35:04,427 DEBUG src/FileReader.cpp:116 - Reading comment line.
2014-01-27 23:35:04,427 DEBUG src/FileReader.cpp:116 - Reading comment line.
2014-01-27 23:35:04,427 DEBUG src/FileReader.cpp:116 - Reading comment line.
2014-01-27 23:35:04,427 DEBUG src/FileReader.cpp:116 - Reading comment line.
2014-01-27 23:35:04,427 DEBUG src/FileReader.cpp:116 - Reading comment line.
2014-01-27 23:35:04,427 DEBUG src/FileReader.cpp:116 - Reading comment line.
2014-01-27 23:35:04,427 DEBUG src/FileReader.cpp:116 - Reading comment line.
2014-01-27 23:35:04,427 DEBUG src/FileReader.cpp:116 - Reading comment line.
2014-01-27 23:35:04,427 DEBUG src/FileReader.cpp:121 - Reading 1.
2014-01-27 23:35:04,427 DEBUG src/FileReader.cpp:123 - Read line: 2.5 2.5 0.0         0.0 0.0 0.0         20       47      1       1.1225          1       0.1
2014-01-27 23:35:04,427 DEBUG src/FileReader.cpp:153 - Read line: 
2014-01-27 23:35:04,428 INFO  src/FileReader.cpp:110 - Reading open file.
2014-01-27 23:35:04,428 DEBUG src/FileReader.cpp:112 - Reading # line.
2014-01-27 23:35:04,428 DEBUG src/FileReader.cpp:116 - Reading comment line.
2014-01-27 23:35:04,428 DEBUG src/FileReader.cpp:116 - Reading comment line.
2014-01-27 23:35:04,428 DEBUG src/FileReader.cpp:116 - Reading comment line.
2014-01-27 23:35:04,428 DEBUG src/FileReader.cpp:116 - Reading comment line.
2014-01-27 23:35:04,428 DEBUG src/FileReader.cpp:116 - Reading comment line.
2014-01-27 23:35:04,428 DEBUG src/FileReader.cpp:116 - Reading comment line.
2014-01-27 23:35:04,428 DEBUG src/FileReader.cpp:116 - Reading comment line.
2014-01-27 23:35:04,428 DEBUG src/FileReader.cpp:116 - Reading comment line.
2014-01-27 23:35:04,428 DEBUG src/FileReader.cpp:121 - Reading 1.
2014-01-27 23:35:04,428 DEBUG src/FileReader.cpp:123 - Read line: 2.5 2.5 0.0         0.0 0.0 0.0         20       47      1       1.1225          1       0.1
2014-01-27 23:35:04,429 DEBUG src/FileReader.cpp:153 - Read line: 
2014-01-27 23:35:04,430 INFO  src/FileReader.cpp:110 - Reading open file.
2014-01-27 23:35:04,430 DEBUG src/FileReader.cpp:112 - Reading # line.
2014-01-27 23:35:04,430 DEBUG src/FileReader.cpp:116 - Reading comment line.
2014-01-27 23:35:04,430 DEBUG src/FileReader.cpp:116 - Reading comment line.
2014-01-27 23:35:04,430 DEBUG src/FileReader.cpp:116 - Reading comment line.
2014-01-27 23:35:04,430 DEBUG src/FileReader.cpp:116 - Reading comment line.
2014-01-27 23:35:04,430 DEBUG src/FileReader.cpp:116 - Reading comment line.
2014-01-27 23:35:04,430 DEBUG src/FileReader.cpp:116 - Reading comment line.
2014-01-27 23:35:04,430 DEBUG src/FileReader.cpp:116 - Reading comment line.
2014-01-27 23:35:04,430 DEBUG src/FileReader.cpp:116 - Reading comment line.
2014-01-27 23:35:04,430 DEBUG src/FileReader.cpp:121 - Reading 2.
2014-01-27 23:35:04,430 DEBUG src/FileReader.cpp:123 - Read line: 20.0 20.0 0.0         0.0 0.0 0.0         20       100      1       1.1225          1       0.1
2014-01-27 23:35:04,431 DEBUG src/FileReader.cpp:153 - Read line: 70.0 60.0 0.0       0.0 -10.0 0.0       20       20       1       1.1225          1       0.1 
2014-01-27 23:35:04,431 DEBUG src/FileReader.cpp:153 - Read line: 
2014-01-27 23:35:04,433 INFO  src/FileReader.cpp:110 - Reading open file.
2014-01-27 23:35:04,433 DEBUG src/FileReader.cpp:112 - Reading # line.
2014-01-27 23:35:04,433 DEBUG src/FileReader.cpp:116 - Reading comment line.
2014-01-27 23:35:04,433 DEBUG src/FileReader.cpp:116 - Reading comment line.
2014-01-27 23:35:04,433 DEBUG src/FileReader.cpp:116 - Reading comment line.
2014-01-27 23:35:04,433 DEBUG src/FileReader.cpp:116 - Reading comment line.
2014-01-27 23:35:04,433 DEBUG src/FileReader.cpp:116 - Reading comment line.
2014-01-27 23:35:04,433 DEBUG src/FileReader.cpp:116 - Reading comment line.
2014-01-27 23:35:04,433 DEBUG src/FileReader.cpp:116 - Reading comment line.
2014-01-27 23:35:04,433 DEBUG src/FileReader.cpp:116 - Reading comment line.
2014-01-27 23:35:04,434 DEBUG src/FileReader.cpp:121 - Reading 2.
2014-01-27 23:35:04,434 DEBUG src/FileReader.cpp:123 - Read line: 20.0 20.0 0.0         0.0 0.0 0.0         20       100      1       1.1225          1       0.1
2014-01-27 23:35:04,434 DEBUG src/FileReader.cpp:153 - Read line: 70.0 60.0 0.0       0.0 -10.0 0.0       20       20       1       1.1225          1       0.1 
2014-01-27 23:35:04,435 DEBUG src/FileReader.cpp:153 - Read line: 
2014-01-27 23:35:04,437 INFO  src/FileReader.cpp:110 - Reading open file.
2014-01-27 23:35:04,437 DEBUG src/FileReader.cpp:112 - Reading # line.
2014-01-27 23:35:04,437 DEBUG src/FileReader.cpp:116 - Reading comment line.
2014-01-27 23:35:04,437 DEBUG src/FileReader.cpp:116 - Reading comment line.
2014-01-27 23:35:04,437 DEBUG src/FileReader.cpp:116 - Reading comment line.
2014-01-27 23:35:04,437 DEBUG src/FileReader.cpp:116 - Reading comment line.
2014-01-27 23:35:04,437 DEBUG src/FileReader.cpp:116 - Reading comment line.
2014-01-27 23:35:04,437 DEBUG src/FileReader.cpp:116 - Reading comment line.
2014-01-27 23:35:04,437 DEBUG src/FileReader.cpp:116 - Reading comment line.
2014-01-27 23:35:04,437 DEBUG src/FileReader.cpp:116 - Reading comment line.
2014-01-27 23:35:04,437 DEBUG src/FileReader.cpp:121 - Reading 2.
2014-01-27 23:35:04,437 DEBUG src/FileReader.cpp:123 - Read line: 20.0 20.0 0.0         0.0 0.0 0.0         20       100      1       1.1225          1       0.1
2014-01-27 23:35:04,438 DEBUG src/FileReader.cpp:153 - Read line: 70.0 60.0 0.0       0.0 -10.0 0.0       20       20       1       1.1225          1       0.1 
2014-01-27 23:35:04,438 DEBUG src/FileReader.cpp:153 - Read line: 
2014-01-27 23:35:04,440 INFO  src/FileReader.cpp:110 - Reading open file.
2014-01-27 23:35:04,440 DEBUG src/FileReader.cpp:112 - Reading # line.
2014-01-27 23:35:04,440 DEBUG src/FileReader.cpp:116 - Reading comment line.
2014-01-27 23:35:04,440 DEBUG src/FileReader.cpp:116 - Reading comment line.
2014-01-27 23:35:04,440 DEBUG src/FileReader.cpp:116 - Reading comment line.
2014-01-27 23:35:04,440 DEBUG src/FileReader.cpp:116 - Reading comment line.
2014-01-27 23:35:04,440 DEBUG src/FileReader.cpp:116 - Reading comment line.
2014-01-27 23:35:04,440 DEBUG src/FileReader.cpp:116 - Reading comment line.
2014-01-27 23:35:04,440 DEBUG src/FileReader.cpp:116 - Reading comment line.
2014-01-27 23:35:04,440 DEBUG src/FileReader.cpp:116 - Reading comment line.
2014-01-27 23:35:04,441 DEBUG src/FileReader.cpp:121 - Reading 2.
2014-01-27 23:35:04,441 DEBUG src/FileReader.cpp:123 - Read line: 20.0 20.0 0.0         0.0 0.0 0.0         20       100      1       1.1225          1       0.1
2014-01-27 23:35:04,441 DEBUG src/FileReader.cpp:153 - Read line: 70.0 60.0 0.0       0.0 -10.0 0.0       20       20       1       1.1225          1       0.1 
2014-01-27 23:35:04,442 DEBUG src/FileReader.cpp:153 - Read line: 
2014-01-27 23:35:04,446 INFO  src/FileReader.cpp:110 - Reading open file.
2014-01-27 23:35:04,446 DEBUG src/FileReader.cpp:112 - Reading # line.
2014-01-27 23:35:04,446 DEBUG src/FileReader.cpp:116 - Reading comment line.
2014-01-27 23:35:04,446 DEBUG src/FileReader.cpp:116 - Reading comment line.
2014-01-27 23:35:04,446 DEBUG src/FileReader.cpp:116 - Reading comment line.
2014-01-27 23:35:04,446 DEBUG src/FileReader.cpp:116 - Reading comment line.
2014-01-27 23:35:04,446 DEBUG src/FileReader.cpp:116 - Reading comment line.
2014-01-27 23:35:04,446 DEBUG src/FileReader.cpp:116 - Reading comment line.
2014-01-27 23:35:04,446 DEBUG src/FileReader.cpp:116 - Reading comment line.
2014-01-27 23:35:04,446 DEBUG src/FileReader.cpp:116 - Reading comment line.
2014-01-27 23:35:04,446 DEBUG src/FileReader.cpp:121 - Reading 2.
2014-01-27 23:35:04,446 DEBUG src/FileReader.cpp:123 - Read line: 20.0 20.0 0.0         0.0 0.0 0.0         20       100      1       1.1225          1       0.1
2014-01-27 23:35:04,447 DEBUG src/FileReader.cpp:153 - Read line: 70.0 60.0 0.0       0.0 -10.0 0.0       20       20       1       1.1225          1       0.1 
2014-01-27 23:35:04,447 DEBUG src/FileReader.cpp:153 - Read line: 
2014-01-27 23:35:04,449 INFO  src/FileReader.cpp:47 - Reading open file.
2014-01-27 23:35:04,449 DEBUG src/FileReader.cpp:49 - Reading # line.
2014-01-27 23:35:04,449 DEBUG src/FileReader.cpp:53 - Reading comment line.
2014-01-27 23:35:04,449 DEBUG src/FileReader.cpp:53 - Reading comment line.
2014-01-27 23:35:04,449 DEBUG src/FileReader.cpp:53 - Reading comment line.
2014-01-27 23:35:04,449 DEBUG src/FileReader.cpp:53 - Reading comment line.
2014-01-27 23:35:04,449 DEBUG src/FileReader.cpp:53 - Reading comment line.
2014-01-27 23:35:04,449 DEBUG src/FileReader.cpp:53 - Reading comment line.
2014-01-27 23:35:04,449 DEBUG src/FileReader.cpp:53 - Reading comment line.
2014-01-27 23:35:04,449 DEBUG src/FileReader.cpp:53 - Reading comment line.
2014-01-27 23:35:04,449 DEBUG src/FileReader.cpp:53 - Reading comment line.
2014-01-27 23:35:04,449 DEBUG src/FileReader.cpp:53 - Reading comment line.
2014-01-27 23:35:04,449 DEBUG src/FileReader.cpp:53 - Reading comment line.
2014-01-27 23:35:04,449 DEBUG src/FileReader.cpp:53 - Reading comment line.
2014-01-27 23:35:04,449 DEBUG src/FileReader.cpp:53 - Reading comment line.
2014-01-27 23:35:04,449 DEBUG src/FileReader.cpp:58 - Reading 4
2014-01-27 23:35:04,449 DEBUG src/FileReader.cpp:60 - Read line: 0.0 0.0 0.0      0.0 0.0 0.0     1.0.
2014-01-27 23:35:04,449 DEBUG src/FileReader.cpp:81 - Read line: 0.0 1.0 0.0     -1.0 0.0 0.0     3.0e-6.
2014-01-27 23:35:04,449 DEBUG src/FileReader.cpp:81 - Read line: 0.0 5.36 0.0    -0.425 0.0 0.0   9.55e-4.
2014-01-27 23:35:04,449 DEBUG src/FileReader.cpp:81 - Read line: 34.75 0.0 0.0    0.0 0.0296 0.0  1.0e-14.
2014-01-27 23:35:04,449 DEBUG src/FileReader.cpp:81 - Read line: .
2014-01-27 23:35:04,453 INFO  src/FileReader.cpp:47 - Reading open file.
2014-01-27 23:35:04,453 DEBUG src/FileReader.cpp:49 - Reading # line.
2014-01-27 23:35:04,453 DEBUG src/FileReader.cpp:53 - Reading comment line.
2014-01-27 23:35:04,453 DEBUG src/FileReader.cpp:53 - Reading comment line.
2014-01-27 23:35:04,453 DEBUG src/FileReader.cpp:53 - Reading comment line.
2014-01-27 23:35:04,453 DEBUG src/FileReader.cpp:53 - Reading comment line.
2014-01-27 23:35:04,453 DEBUG src/FileReader.cpp:53 - Reading comment line.
2014-01-27 23:35:04,453 DEBUG src/FileReader.cpp:53 - Reading comment line.
2014-01-27 23:35:04,453 DEBUG src/FileReader.cpp:53 - Reading comment line.
2014-01-27 23:35:04,453 DEBUG src/FileReader.cpp:53 - Reading comment line.
2014-01-27 23:35:04,453 DEBUG src/FileReader.cpp:53 - Reading comment line.
2014-01-27 23:35:04,453 DEBUG src/FileReader.cpp:53 - Reading comment line.
2014-01-27 23:35:04,453 DEBUG src/FileReader.cpp:53 - Reading comment line.
2014-01-27 23:35:04,453 DEBUG src/FileReader.cpp:53 - Reading comment line.
2014-01-27 23:35:04,453 DEBUG src/FileReader.cpp:53 - Reading comment line.
2014-01-27 23:35:04,453 DEBUG src/FileReader.cpp:58 - Reading 4
2014-01-27 23:35:04,453 DEBUG src/FileReader.cpp:60 - Read line: 0.0 0.0 0.0      0.0 0.0 0.0     1.0.
2014-01-27 23:35:04,453 DEBUG src/FileReader.cpp:81 - Read line: 0.0 1.0 0.0     -1.0 0.0 0.0     3.0e-6.
2014-01-27 23:35:04,453 DEBUG src/FileReader.cpp:81 - Read line: 0.0 5.36 0.0    -0.425 0.0 0.0   9.55e-4.
2014-01-27 23:35:04,453 DEBUG src/FileReader.cpp:81 - Read line: 34.75 0.0 0.0    0.0 0.0296 0.0  1.0e-14.
2014-01-27 23:35:04,453 DEBUG src/FileReader.cpp:81 - Read line: .
2014-01-27 23:35:04,457 INFO  src/FileReader.cpp:47 - Reading open file.
2014-01-27 23:35:04,457 DEBUG src/FileReader.cpp:49 - Reading # line.
2014-01-27 23:35:04,457 DEBUG src/FileReader.cpp:53 - Reading comment line.
2014-01-27 23:35:04,457 DEBUG src/FileReader.cpp:53 - Reading comment line.
2014-01-27 23:35:04,457 DEBUG src/FileReader.cpp:53 - Reading comment line.
2014-01-27 23:35:04,457 DEBUG src/FileReader.cpp:53 - Reading comment line.
2014-01-27 23:35:04,457 DEBUG src/FileReader.cpp:53 - Reading comment line.
2014-01-27 23:35:04,457 DEBUG src/FileReader.cpp:53 - Reading comment line.
2014-01-27 23:35:04,457 DEBUG src/FileReader.cpp:53 - Reading comment line.
2014-01-27 23:35:04,457 DEBUG src/FileReader.cpp:53 - Reading comment line.
2014-01-27 23:35:04,457 DEBUG src/FileReader.cpp:53 - Reading comment line.
2014-01-27 23:35:04,457 DEBUG src/FileReader.cpp:53 - Reading comment line.
2014-01-27 23:35:04,457 DEBUG src/FileReader.cpp:53 - Reading comment line.
2014-01-27 23:35:04,457 DEBUG src/FileReader.cpp:53 - Reading comment line.
2014-01-27 23:35:04,457 DEBUG src/FileReader.cpp:53 - Reading comment line.
2014-01-27 23:35:04,457 DEBUG src/FileReader.cpp:58 - Reading 4
2014-01-27 23:35:04,457 DEBUG src/FileReader.cpp:60 - Read line: 0.0 0.0 0.0      0.0 0.0 0.0     1.0.
2014-01-27 23:35:04,457 DEBUG src/FileReader.cpp:81 - Read line: 0.0 1.0 0.0     -1.0 0.0 0.0     3.0e-6.
2014-01-27 23:35:04,457 DEBUG src/FileReader.cpp:81 - Read line: 0.0 5.36 0.0    -0.425 0.0 0.0   9.55e-4.
2014-01-27 23:35:04,457 DEBUG src/FileReader.cpp:81 - Read line: 34.75 0.0 0.0    0.0 0.0296 0.0  1.0e-14.
2014-01-27 23:35:04,457 DEBUG src/FileReader.cpp:81 - Read line: .
2014-01-27 23:35:04,461 INFO  src/FileReader.cpp:47 - Reading open file.
2014-01-27 23:35:04,461 DEBUG src/FileReader.cpp:49 - Reading # line.
2014-01-27 23:35:04,461 DEBUG src/FileReader.cpp:53 - Reading comment line.
2014-01-27 23:35:04,461 DEBUG src/FileReader.cpp:53 - Reading comment line.
2014-01-27 23:35:04,461 DEBUG src/FileReader.cpp:53 - Reading comment line.
2014-01-27 23:35:04,461 DEBUG src/FileReader.cpp:53 - Reading comment line.
2014-01-27 23:35:04,461 DEBUG src/FileReader.cpp:53 - Reading comment line.
2014-01-27 23:35:04,461 DEBUG src/FileReader.cpp:53 - Reading comment line.
2014-01-27 23:35:04,461 DEBUG src/FileReader.cpp:53 - Reading comment line.
2014-01-27 23:35:04,461 DEBUG src/FileReader.cpp:53 - Reading comment line.
2014-01-27 23:35:04,461 DEBUG src/FileReader.cpp:53 - Reading comment line.
2014-01-27 23:35:04,461 DEBUG src/FileReader.cpp:53 - Reading comment line.
2014-01-27 23:35:04,461 DEBUG src/FileReader.cpp:53 - Reading comment line.
2014-01-27 23:35:04,461 DEBUG src/FileReader.cpp:53 - Reading comment line.
2014-01-27 23:35:04,461 DEBUG src/FileReader.cpp:53 - Reading comment line.
2014-01-27 23:35:04,461 DEBUG src/FileReader.cpp:58 - Reading 4
2014-01-27 23:35:04,461 DEBUG src/FileReader.cpp:60 - Read line: 0.0 0.0 0.0      0.0 0.0 0.0     1.0.
2014-01-27 23:35:04,461 DEBUG src/FileReader.cpp:81 - Read line: 0.0 1.0 0.0     -1.0 0.0 0.0     3.0e-6.
2014-01-27 23:35:04,461 DEBUG src/FileReader.cpp:81 - Read line: 0.0 5.36 0.0    -0.425 0.0 0.0   9.55e-4.
2014-01-27 23:35:04,461 DEBUG src/FileReader.cpp:81 - Read line: 34.75 0.0 0.0    0.0 0.0296 0.0  1.0e-14.
2014-01-27 23:35:04,461 DEBUG src/FileReader.cpp:81 - Read line: .
2014-01-27 23:35:04,464 INFO  src/FileReader.cpp:177 - Reading open file.
2014-01-27 23:35:04,464 DEBUG src/FileReader.cpp:179 - Reading # file format: line.
2014-01-27 23:35:04,464 DEBUG src/FileReader.cpp:183 - Reading comment line.
2014-01-27 23:35:04,464 DEBUG src/FileReader.cpp:183 - Reading comment line.
2014-01-27 23:35:04,464 DEBUG src/FileReader.cpp:183 - Reading comment line.
2014-01-27 23:35:04,464 DEBUG src/FileReader.cpp:183 - Reading comment line.
2014-01-27 23:35:04,464 DEBUG src/FileReader.cpp:183 - Reading comment line.
2014-01-27 23:35:04,464 DEBUG src/FileReader.cpp:183 - Reading comment line.
2014-01-27 23:35:04,464 DEBUG src/FileReader.cpp:183 - Reading comment line.
2014-01-27 23:35:04,464 DEBUG src/FileReader.cpp:183 - Reading comment line.
2014-01-27 23:35:04,464 DEBUG src/FileReader.cpp:183 - Reading comment line.
2014-01-27 23:35:04,464 DEBUG src/FileReader.cpp:183 - Reading comment line.
2014-01-27 23:35:04,464 DEBUG src/FileReader.cpp:183 - Reading comment line.
2014-01-27 23:35:04,464 DEBUG src/FileReader.cpp:183 - Reading comment line.
2014-01-27 23:35:04,464 DEBUG src/FileReader.cpp:183 - Reading comment line.
2014-01-27 23:35:04,464 DEBUG src/FileReader.cpp:183 - Reading comment line.
2014-01-27 23:35:04,464 DEBUG src/FileReader.cpp:183 - Reading comment line.
2014-01-27 23:35:04,464 DEBUG src/FileReader.cpp:188 - Reading 3
2014-01-27 23:35:04,464 DEBUG src/FileReader.cpp:192 - Read line: 1.0		2.0		0.0		10.0	20.0	0.0		-1.0	-2.0	0.0		-10.0	-20.0	0.0		11		40.
2014-01-27 23:35:04,464 DEBUG src/FileReader.cpp:221 - Read line: 3.0		4.0		0.0		30.0	40.0	0.0		-3.0	-4.0	0.0		-30.0	-40.0	0.0		22		41.
2014-01-27 23:35:04,464 DEBUG src/FileReader.cpp:221 - Read line: 5.0		6.0		0.0		50.0	60.0	0.0		-5.0	-6.0	0.0		-50.0	-60.0	0.0		33		42.
2014-01-27 23:35:04,464 DEBUG src/FileReader.cpp:221 - Read line: .
